<?xml version="1.0" encoding="UTF-8"?>
<testsuite xmlns:xsi="http://www.w3.org/2001/XMLSchema-instance" xsi:noNamespaceSchemaLocation="https://maven.apache.org/surefire/maven-surefire-plugin/xsd/surefire-test-report-3.0.xsd" version="3.0" name="com.example.apibus.ApibusApplicationTests" time="7.851" tests="1" errors="0" skipped="0" failures="0">
  <properties>
[...]
</properties>
  <testcase name="contextLoads" classname="com.example.apibus.ApibusApplicationTests" time="0.589">
    <system-out><![CDATA[01:57:52.043 [main] INFO org.springframework.test.context.support.AnnotationConfigContextLoaderUtils -- Could not detect default configuration classes for test class [com.example.apibus.ApibusApplicationTests]: ApibusApplicationTests does not declare any static, non-private, non-final, nested classes annotated with @Configuration.
01:57:52.173 [main] INFO org.springframework.boot.test.context.SpringBootTestContextBootstrapper -- Found @SpringBootConfiguration com.example.apibus.ApibusApplication for test class com.example.apibus.ApibusApplicationTests

  .   ____          _            __ _ _
 /\\ / ___'_ __ _ _(_)_ __  __ _ \ \ \ \
( ( )\___ | '_ | '_| | '_ \/ _` | \ \ \ \
 \\/  ___)| |_)| | | | | || (_| |  ) ) ) )
  '  |____| .__|_| |_|_| |_\__, | / / / /
 =========|_|==============|___/=/_/_/_/
 :: Spring Boot ::                (v3.1.1)

2023-12-04T01:57:52.742-03:00  INFO 15976 --- [           main] c.example.apibus.ApibusApplicationTests  : Starting ApibusApplicationTests using Java 17.0.8 with PID 15976 (started by Pichau in C:\Users\Pichau\Music\ApiBus)
2023-12-04T01:57:52.745-03:00  INFO 15976 --- [           main] c.example.apibus.ApibusApplicationTests  : No active profile set, falling back to 1 default profile: "default"
2023-12-04T01:57:53.795-03:00  INFO 15976 --- [           main] .s.d.r.c.RepositoryConfigurationDelegate : Bootstrapping Spring Data JPA repositories in DEFAULT mode.
2023-12-04T01:57:53.866-03:00  INFO 15976 --- [           main] .s.d.r.c.RepositoryConfigurationDelegate : Finished Spring Data repository scanning in 61 ms. Found 4 JPA repository interfaces.
2023-12-04T01:57:54.537-03:00  INFO 15976 --- [           main] o.hibernate.jpa.internal.util.LogHelper  : HHH000204: Processing PersistenceUnitInfo [name: default]
2023-12-04T01:57:54.642-03:00  INFO 15976 --- [           main] org.hibernate.Version                    : HHH000412: Hibernate ORM core version 6.2.5.Final
2023-12-04T01:57:54.645-03:00  INFO 15976 --- [           main] org.hibernate.cfg.Environment            : HHH000406: Using bytecode reflection optimizer
2023-12-04T01:57:54.907-03:00  INFO 15976 --- [           main] o.h.b.i.BytecodeProviderInitiator        : HHH000021: Bytecode provider name : bytebuddy
2023-12-04T01:57:55.085-03:00  INFO 15976 --- [           main] o.s.o.j.p.SpringPersistenceUnitInfo      : No LoadTimeWeaver setup: ignoring JPA class transformer
2023-12-04T01:57:55.108-03:00  INFO 15976 --- [           main] com.zaxxer.hikari.HikariDataSource       : HikariPool-1 - Starting...
2023-12-04T01:57:55.382-03:00  INFO 15976 --- [           main] com.zaxxer.hikari.pool.HikariPool        : HikariPool-1 - Added connection org.postgresql.jdbc.PgConnection@7d522180
2023-12-04T01:57:55.385-03:00  INFO 15976 --- [           main] com.zaxxer.hikari.HikariDataSource       : HikariPool-1 - Start completed.
2023-12-04T01:57:55.841-03:00  INFO 15976 --- [           main] o.h.b.i.BytecodeProviderInitiator        : HHH000021: Bytecode provider name : bytebuddy
2023-12-04T01:57:56.717-03:00  INFO 15976 --- [           main] o.h.e.t.j.p.i.JtaPlatformInitiator       : HHH000490: Using JtaPlatform implementation: [org.hibernate.engine.transaction.jta.platform.internal.NoJtaPlatform]
2023-12-04T01:57:56.846-03:00  INFO 15976 --- [           main] j.LocalContainerEntityManagerFactoryBean : Initialized JPA EntityManagerFactory for persistence unit 'default'
2023-12-04T01:57:57.447-03:00  WARN 15976 --- [           main] JpaBaseConfiguration$JpaWebConfiguration : spring.jpa.open-in-view is enabled by default. Therefore, database queries may be performed during view rendering. Explicitly configure spring.jpa.open-in-view to disable this warning
2023-12-04T01:57:58.881-03:00  WARN 15976 --- [           main] .s.s.UserDetailsServiceAutoConfiguration : 

Using generated security password: 9b1e6ce3-4918-483e-8d33-d28a7d91edde

This generated password is for development use only. Your security configuration must be updated before running your application in production.

2023-12-04T01:57:59.017-03:00  INFO 15976 --- [           main] o.s.s.web.DefaultSecurityFilterChain     : Will secure any request with [org.springframework.security.web.session.DisableEncodeUrlFilter@5d3a147f, org.springframework.security.web.context.request.async.WebAsyncManagerIntegrationFilter@79bb14d8, org.springframework.security.web.context.SecurityContextHolderFilter@4c364a9d, org.springframework.security.web.header.HeaderWriterFilter@372c428, org.springframework.security.web.csrf.CsrfFilter@735d7b99, org.springframework.security.web.authentication.logout.LogoutFilter@383d2e2d, org.springframework.security.web.authentication.UsernamePasswordAuthenticationFilter@7e584f3c, org.springframework.security.web.authentication.ui.DefaultLoginPageGeneratingFilter@3f54fabc, org.springframework.security.web.authentication.ui.DefaultLogoutPageGeneratingFilter@72fc6b5e, org.springframework.security.web.authentication.www.BasicAuthenticationFilter@2250deae, org.springframework.security.web.savedrequest.RequestCacheAwareFilter@59ebe484, org.springframework.security.web.servletapi.SecurityContextHolderAwareRequestFilter@5a0b925a, org.springframework.security.web.authentication.AnonymousAuthenticationFilter@4353230, org.springframework.security.web.access.ExceptionTranslationFilter@74997ca6, org.springframework.security.web.access.intercept.AuthorizationFilter@420c9959]
2023-12-04T01:57:59.073-03:00  INFO 15976 --- [           main] c.example.apibus.ApibusApplicationTests  : Started ApibusApplicationTests in 6.66 seconds (process running for 7.816)
]]></system-out>
  </testcase>
</testsuite>